{
  "0 debug pnpm:scope": {
    "selected": 1
  },
  "1 error pnpm": {
    "message": {
      "errno": 1,
      "code": "ELIFECYCLE",
      "pkgid": "lucky-frontend@0.1.0",
      "stage": "start",
      "script": "dotenv -v REACT_APP_ENV=development react-scripts start",
      "pkgname": "lucky-frontend"
    },
    "err": {
      "name": "Error",
      "message": "lucky-frontend@0.1.0 start: `dotenv -v REACT_APP_ENV=development react-scripts start`\nExit status 1",
      "code": "ELIFECYCLE",
      "stack": "Error: lucky-frontend@0.1.0 start: `dotenv -v REACT_APP_ENV=development react-scripts start`\nExit status 1\n    at EventEmitter.<anonymous> (D:\\college_study\\exploitation\\react_node\\node_global\\node_modules\\pnpm\\dist\\pnpm.js:102608:18)\n    at EventEmitter.emit (node:events:390:28)\n    at ChildProcess.<anonymous> (D:\\college_study\\exploitation\\react_node\\node_global\\node_modules\\pnpm\\dist\\pnpm.js:87658:16)\n    at ChildProcess.emit (node:events:390:28)\n    at maybeClose (node:internal/child_process:1064:16)\n    at Process.ChildProcess._handle.onexit (node:internal/child_process:301:5)"
    }
  }
}